2023-02-28 11:16:20.003 | ERROR | Page mismatch. Record number: 74503. Pages according to index: [1]. Pages found in tagged file: [1, 3].
2023-02-28 11:16:20.180 | ERROR | Page mismatch. Record number: 73948. Pages according to index: [1, 2, 3, 4]. Pages found in tagged file: [9, 10, 11].
2023-02-28 11:16:20.239 | ERROR | Page mismatch. Record number: 74003. Pages according to index: [6, 7]. Pages found in tagged file: [6, 7, 8].
2023-02-28 11:16:20.400 | ERROR | Page mismatch. Record number: 74162. Pages according to index: [13]. Pages found in tagged file: [12, 13].
2023-02-28 11:16:20.904 | ERROR | Page mismatch. Record number: 71066. Pages according to index: [3, 4]. Pages found in tagged file: [2, 3, 4].
2023-02-28 11:16:20.923 | ERROR | Page mismatch. Record number: 71129. Pages according to index: [19, 20]. Pages found in tagged file: [19, 20, 21].
2023-02-28 11:16:20.970 | ERROR | Page mismatch. Record number: 70876. Pages according to index: [7, 8, 9]. Pages found in tagged file: [7, 8, 9, 10].
2023-02-28 11:16:20.972 | ERROR | Page mismatch. Record number: 70907. Pages according to index: [1, 4]. Pages found in tagged file: [17, 20].
2023-02-28 11:16:20.973 | ERROR | Page mismatch. Record number: 70913. Pages according to index: [2]. Pages found in tagged file: [18, 19].
2023-02-28 11:16:20.974 | ERROR | Page mismatch. Record number: 70916. Pages according to index: [2]. Pages found in tagged file: [18].
2023-02-28 11:16:20.976 | ERROR | Page mismatch. Record number: 70917. Pages according to index: [3]. Pages found in tagged file: [19].
2023-02-28 11:16:21.014 | ERROR | Page mismatch. Record number: 70208. Pages according to index: [14, 15]. Pages found in tagged file: [14, 15, 16].
2023-02-28 11:16:21.113 | ERROR | Page mismatch. Record number: 70704. Pages according to index: [19]. Pages found in tagged file: [20].
2023-02-28 11:16:21.192 | ERROR | Page mismatch. Record number: 69938. Pages according to index: [9, 10, 11, 12]. Pages found in tagged file: [9, 10, 11, 12, 13].
2023-02-28 11:16:21.193 | ERROR | Page mismatch. Record number: 69945. Pages according to index: [17, 18, 19]. Pages found in tagged file: [17, 18, 19, 20, 21, 23].
2023-02-28 11:16:21.211 | ERROR | Page mismatch. Record number: 69964. Pages according to index: [5, 6, 7]. Pages found in tagged file: [4, 5, 6, 7].
2023-02-28 11:16:21.239 | ERROR | Page mismatch. Record number: 70020. Pages according to index: [32, 33]. Pages found in tagged file: [32, 33, 34, 35].
2023-02-28 11:16:21.369 | ERROR | Page mismatch. Record number: 68942. Pages according to index: [5, 6, 7, 9, 11]. Pages found in tagged file: [4, 5, 6, 7, 9, 10, 11, 13, 15, 16, 18, 19].
2023-02-28 11:16:21.415 | ERROR | Page mismatch. Record number: 68965. Pages according to index: [25]. Pages found in tagged file: [25, 26].
2023-02-28 11:16:21.503 | ERROR | Page mismatch. Record number: 69033. Pages according to index: [6, 7, 8, 9, 10, 12, 13]. Pages found in tagged file: [6, 7, 8, 9, 10, 11, 12, 13].
2023-02-28 11:16:22.088 | ERROR | Page mismatch. Record number: 66274. Pages according to index: [24, 25]. Pages found in tagged file: [23, 24].
2023-02-28 11:16:22.089 | ERROR | Page mismatch. Record number: 66278. Pages according to index: [26]. Pages found in tagged file: [25].
2023-02-28 11:16:22.090 | ERROR | Page mismatch. Record number: 66280. Pages according to index: [27, 28, 29]. Pages found in tagged file: [26, 27, 28].
2023-02-28 11:16:22.091 | ERROR | Page mismatch. Record number: 66281. Pages according to index: [30, 31, 32]. Pages found in tagged file: [29, 30, 31].
2023-02-28 11:16:22.152 | ERROR | Page mismatch. Record number: 64915. Pages according to index: [5]. Pages found in tagged file: [4, 5].
2023-02-28 11:16:22.366 | ERROR | Page mismatch. Record number: 63883. Pages according to index: [18, 19, 20, 21]. Pages found in tagged file: [18, 19, 20, 21, 22, 23].
2023-02-28 11:16:22.446 | ERROR | Page mismatch. Record number: 63460. Pages according to index: [21, 22, 23, 24, 25, 26, 27, 28]. Pages found in tagged file: [20, 21, 22, 23, 24, 25, 26, 27].
2023-02-28 11:16:22.447 | ERROR | Page mismatch. Record number: 63462. Pages according to index: [29, 30, 31, 40]. Pages found in tagged file: [28, 29, 30, 39].
2023-02-28 11:16:22.448 | ERROR | Page mismatch. Record number: 63463. Pages according to index: [32, 33, 34, 35]. Pages found in tagged file: [31, 32, 33, 34].
2023-02-28 11:16:22.449 | ERROR | Page mismatch. Record number: 63465. Pages according to index: [36, 37, 38, 39, 40]. Pages found in tagged file: [35, 36, 37, 38, 39].
2023-02-28 11:16:22.610 | ERROR | Page mismatch. Record number: 63303. Pages according to index: [32, 33, 36]. Pages found in tagged file: [32, 33, 34, 35, 36].
2023-02-28 11:16:22.643 | ERROR | Page mismatch. Record number: 62631. Pages according to index: [26, 27, 30, 31]. Pages found in tagged file: [26, 27, 28, 29, 30, 31].
2023-02-28 11:16:22.686 | ERROR | Page mismatch. Record number: 61951. Pages according to index: [15, 16, 17, 20, 21, 22, 23]. Pages found in tagged file: [14, 15, 16, 17, 20, 21, 22, 23].
2023-02-28 11:16:22.687 | ERROR | Page mismatch. Record number: 380051. Pages according to index: [24, 25, 27, 28, 30, 31, 32]. Pages found in tagged file: [24, 25, 26, 27, 28, 30, 31, 32].
2023-02-28 11:16:22.809 | ERROR | Page mismatch. Record number: 380055. Pages according to index: [4, 5, 6, 7, 6, 9, 10]. Pages found in tagged file: [4, 5, 6, 7, 8, 9, 10].
2023-02-28 11:16:22.903 | ERROR | Page mismatch. Record number: 380058. Pages according to index: [5, 6, 7, 8, 9, 10]. Pages found in tagged file: [4, 5, 6, 7, 8, 9, 10, 11].
2023-02-28 11:16:22.936 | ERROR | Page mismatch. Record number: 29916. Pages according to index: [17, 18, 36, 37]. Pages found in tagged file: [17, 18, 35, 36, 37].
2023-02-28 11:16:22.937 | ERROR | Page mismatch. Record number: 31599. Pages according to index: [31, 32, 34]. Pages found in tagged file: [30, 31, 32, 34].
2023-02-28 11:16:22.944 | ERROR | Invalid page numbers in index. Record number: 380061. invalid syntax: [16, 17, ,19, 19, 20, 21]
2023-02-28 11:16:22.962 | ERROR | Page mismatch. Record number: 6980. Pages according to index: [46, 47]. Pages found in tagged file: [46, 47, 48, 49].
2023-02-28 11:16:22.963 | ERROR | Page mismatch. Record number: 9917. Pages according to index: [54, 55, 56, 57, 58]. Pages found in tagged file: [54, 55, 56, 57, 58, 59].
2023-02-28 11:16:23.102 | ERROR | Page mismatch. Record number: 58815. Pages according to index: [20, 21, 22, 23, 24, 25, 26, 27, 28]. Pages found in tagged file: [20, 21, 22, 23, 24, 25, 26, 27, 28, 29].
2023-02-28 11:16:23.138 | ERROR | Page mismatch. Record number: 58948. Pages according to index: [23, 24, 26]. Pages found in tagged file: [23, 24, 25].
2023-02-28 11:16:23.381 | ERROR | Page mismatch. Record number: 56946. Pages according to index: [22, 23, 24, 25, 26, 32]. Pages found in tagged file: [22, 23, 24, 25, 26, 27, 32].
2023-02-28 11:16:23.381 | ERROR | Page mismatch. Record number: 56947. Pages according to index: [28, 29, 30]. Pages found in tagged file: [28, 29, 30, 31].
2023-02-28 11:16:23.547 | ERROR | Page mismatch. Record number: 52086. Pages according to index: [5, 6, 7]. Pages found in tagged file: [4, 6, 7].
2023-02-28 11:16:23.574 | ERROR | Page mismatch. Record number: 52731. Pages according to index: [27, 28, 29, 42]. Pages found in tagged file: [26, 27, 28, 29, 42].
2023-02-28 11:16:23.642 | ERROR | Page mismatch. Record number: 50721. Pages according to index: [4, 5, 6, 7, 8, 9, 19]. Pages found in tagged file: [4, 5, 6, 7, 8, 9, 35].
2023-02-28 11:16:23.643 | ERROR | Page mismatch. Record number: 50726. Pages according to index: [1, 2, 3, 4, 5, 6, 7, 8, 9, 10, 11, 12, 13, 14, 15, 16]. Pages found in tagged file: [19, 20, 21, 22, 23, 24, 25, 26, 27, 28, 29, 30, 31, 32, 33, 34].
2023-02-28 11:16:23.643 | ERROR | Page mismatch. Record number: 50727. Pages according to index: [20, 21, 22, 23]. Pages found in tagged file: [36, 37, 38, 39].
2023-02-28 11:16:23.644 | ERROR | Page mismatch. Record number: 50728. Pages according to index: [26, 27, 28, 29, 30, 31]. Pages found in tagged file: [42, 43, 44, 45, 46].
2023-02-28 11:16:23.644 | ERROR | Page mismatch. Record number: 50729. Pages according to index: [32]. Pages found in tagged file: [48].
2023-02-28 11:16:23.738 | ERROR | Page mismatch. Record number: 50192. Pages according to index: [16, 17, 18, 19, 20]. Pages found in tagged file: [16, 17, 18, 19, 20, 21].
2023-02-28 11:16:24.280 | ERROR | Page mismatch. Record number: 187236. Pages according to index: [16, 17, 18, 19, 20, 21, 23, 24, 25, 26, 27]. Pages found in tagged file: [16, 17, 18, 19, 20, 21, 22, 23, 24, 25, 26, 27].
2023-02-28 11:16:24.290 | ERROR | Page mismatch. Record number: 44520. Pages according to index: [32, 33, 34]. Pages found in tagged file: [22, 23, 32, 33, 34].
2023-02-28 11:16:24.420 | ERROR | Page mismatch. Record number: 40926. Pages according to index: [20, 21, 22, 23, 24]. Pages found in tagged file: [20, 21, 22, 23, 24, 70].
2023-02-28 11:16:24.421 | ERROR | Page mismatch. Record number: 40934. Pages according to index: [58, 59, 60]. Pages found in tagged file: [58, 59, 60, 61].
2023-02-28 11:16:24.462 | ERROR | Page mismatch. Record number: 41099. Pages according to index: [6]. Pages found in tagged file: [6, 7].
2023-02-28 11:16:24.463 | ERROR | Page mismatch. Record number: 41076. Pages according to index: [11, 12]. Pages found in tagged file: [10, 11, 12].
2023-02-28 11:16:24.496 | ERROR | Page mismatch. Record number: 43660. Pages according to index: [18, 24, 25]. Pages found in tagged file: [18, 20, 21].
2023-02-28 11:16:24.497 | ERROR | Page mismatch. Record number: 43661. Pages according to index: [26]. Pages found in tagged file: [22].
2023-02-28 11:16:24.497 | ERROR | Page mismatch. Record number: 43662. Pages according to index: [27]. Pages found in tagged file: [23].
2023-02-28 11:16:24.498 | ERROR | Page mismatch. Record number: 43664. Pages according to index: [29, 31, 32]. Pages found in tagged file: [25, 26, 27, 28].
2023-02-28 11:16:24.498 | ERROR | Page mismatch. Record number: 43665. Pages according to index: [34, 35]. Pages found in tagged file: [30, 31].
2023-02-28 11:16:24.568 | ERROR | Page mismatch. Record number: 46398. Pages according to index: [6, 9, 10]. Pages found in tagged file: [6, 7, 9, 10].
2023-02-28 11:16:24.700 | ERROR | Page mismatch. Record number: 48166. Pages according to index: [15]. Pages found in tagged file: [14, 15].
2023-02-28 11:16:24.876 | ERROR | Page mismatch. Record number: 57936. Pages according to index: [4, 5]. Pages found in tagged file: [6, 7].
2023-02-28 11:16:24.877 | ERROR | Page mismatch. Record number: 57937. Pages according to index: [6, 7, 8]. Pages found in tagged file: [8, 9, 10].
2023-02-28 11:16:24.877 | ERROR | Page mismatch. Record number: 57944. Pages according to index: [9, 10, 11]. Pages found in tagged file: [11, 12, 13].
2023-02-28 11:16:24.877 | ERROR | Page mismatch. Record number: 57948. Pages according to index: [12, 13, 14]. Pages found in tagged file: [14, 15, 16].
2023-02-28 11:16:24.878 | ERROR | Page mismatch. Record number: 57950. Pages according to index: [14, 15, 16]. Pages found in tagged file: [17, 18].
2023-02-28 11:16:24.878 | ERROR | Page mismatch. Record number: 57953. Pages according to index: [17, 18, 19, 20, 21]. Pages found in tagged file: [19, 20, 21, 22, 23].
2023-02-28 11:16:24.879 | ERROR | Page mismatch. Record number: 57955. Pages according to index: [22, 23, 24, 25]. Pages found in tagged file: [24, 25, 26, 27].
2023-02-28 11:16:24.879 | ERROR | Page mismatch. Record number: 57975. Pages according to index: [26, 27, 28]. Pages found in tagged file: [28, 29, 30].
2023-02-28 11:16:24.880 | ERROR | Page mismatch. Record number: 57976. Pages according to index: [29, 30, 31]. Pages found in tagged file: [31, 32, 33].
2023-02-28 11:16:24.880 | ERROR | Page mismatch. Record number: 57977. Pages according to index: [32, 33]. Pages found in tagged file: [35].
2023-02-28 11:16:25.116 | ERROR | Page mismatch. Record number: 69535. Pages according to index: [27, 28, 30, 31]. Pages found in tagged file: [27, 28, 29, 30, 31].
2023-02-28 11:16:25.437 | ERROR | Page mismatch. Record number: 83172. Pages according to index: [10, 11, 12, 13]. Pages found in tagged file: [11, 12, 13, 14].
2023-02-28 11:16:25.438 | ERROR | Page mismatch. Record number: 83173. Pages according to index: [14, 15, 16]. Pages found in tagged file: [15, 16, 17].
2023-02-28 11:16:25.438 | ERROR | Page mismatch. Record number: 83174. Pages according to index: [17, 18, 23, 24, 25]. Pages found in tagged file: [18, 19, 24, 25, 26].
2023-02-28 11:16:25.439 | ERROR | Page mismatch. Record number: 83176. Pages according to index: [26, 27]. Pages found in tagged file: [27, 28].
2023-02-28 11:16:25.439 | ERROR | Page mismatch. Record number: 83180. Pages according to index: [28, 29]. Pages found in tagged file: [29, 30].
2023-02-28 11:16:25.440 | ERROR | Page mismatch. Record number: 83181. Pages according to index: [30, 31, 32]. Pages found in tagged file: [31, 32, 33].
2023-02-28 11:16:25.440 | ERROR | Page mismatch. Record number: 83182. Pages according to index: [33, 34]. Pages found in tagged file: [34, 35].
2023-02-28 11:16:25.441 | ERROR | Page mismatch. Record number: 83183. Pages according to index: [35, 36]. Pages found in tagged file: [36, 37].
2023-02-28 11:16:25.442 | ERROR | Page mismatch. Record number: 83184. Pages according to index: [37, 38]. Pages found in tagged file: [38, 39].
2023-02-28 11:16:25.483 | ERROR | Page mismatch. Record number: 83931. Pages according to index: [41, 42, 43]. Pages found in tagged file: [40, 41, 42, 43].
2023-02-28 11:16:25.514 | ERROR | Page mismatch. Record number: 84407. Pages according to index: [24, 26, 27, 29, 31]. Pages found in tagged file: [24, 25, 26, 27, 28, 29, 31].
2023-02-28 11:16:26.381 | ERROR | Page mismatch. Record number: 102049. Pages according to index: [31, 32, 33, 34]. Pages found in tagged file: [39, 40, 41, 42].
2023-02-28 11:16:26.382 | ERROR | Page mismatch. Record number: 102050. Pages according to index: [35, 36, 37, 38, 39, 40, 41]. Pages found in tagged file: [43, 44, 45, 46, 47, 48, 49].
2023-02-28 11:16:26.382 | ERROR | Page mismatch. Record number: 102051. Pages according to index: [42, 43]. Pages found in tagged file: [50, 51].
2023-02-28 11:16:26.382 | ERROR | Page mismatch. Record number: 102052. Pages according to index: [44, 45, 46, 47]. Pages found in tagged file: [52, 53, 54].
2023-02-28 11:16:26.383 | ERROR | Page mismatch. Record number: 102053. Pages according to index: [46]. Pages found in tagged file: [54].
2023-02-28 11:16:26.383 | ERROR | Page mismatch. Record number: 102054. Pages according to index: [47, 48, 49, 50]. Pages found in tagged file: [55, 56, 57].
2023-02-28 11:16:26.933 | ERROR | Page mismatch. Record number: 117434. Pages according to index: [34]. Pages found in tagged file: [34, 35].
2023-02-28 11:16:27.174 | ERROR | Page mismatch. Record number: 121520. Pages according to index: [20, 21]. Pages found in tagged file: [20, 21, 22, 23].
2023-02-28 11:16:27.369 | ERROR | Page mismatch. Record number: 380094. Pages according to index: [67]. Pages found in tagged file: [67, 68].
2023-02-28 11:16:27.484 | ERROR | Page mismatch. Record number: 142023. Pages according to index: [2, 3]. Pages found in tagged file: [2, 4, 5].
2023-02-28 11:16:27.484 | ERROR | Page mismatch. Record number: 142024. Pages according to index: [4, 5]. Pages found in tagged file: [6, 7].
2023-02-28 11:16:27.485 | ERROR | Page mismatch. Record number: 142025. Pages according to index: [5, 6]. Pages found in tagged file: [7, 8].
2023-02-28 11:16:27.485 | ERROR | Page mismatch. Record number: 142026. Pages according to index: [6, 7]. Pages found in tagged file: [8, 9].
2023-02-28 11:16:27.486 | ERROR | Page mismatch. Record number: 142027. Pages according to index: [8, 9]. Pages found in tagged file: [10, 11].
2023-02-28 11:16:27.486 | ERROR | Page mismatch. Record number: 142029. Pages according to index: [9, 10]. Pages found in tagged file: [11, 12].
2023-02-28 11:16:27.487 | ERROR | Page mismatch. Record number: 142030. Pages according to index: [10]. Pages found in tagged file: [12].
2023-02-28 11:16:27.487 | ERROR | Page mismatch. Record number: 142031. Pages according to index: [12, 13]. Pages found in tagged file: [14, 15].
2023-02-28 11:16:27.488 | ERROR | Page mismatch. Record number: 142032. Pages according to index: [14]. Pages found in tagged file: [16].
2023-02-28 11:16:27.488 | ERROR | Page mismatch. Record number: 142033. Pages according to index: [15]. Pages found in tagged file: [17].
2023-02-28 11:16:27.488 | ERROR | Page mismatch. Record number: 142034. Pages according to index: [16]. Pages found in tagged file: [18].
2023-02-28 11:16:27.489 | ERROR | Page mismatch. Record number: 142037. Pages according to index: [18, 19, 20]. Pages found in tagged file: [20, 21, 22].
2023-02-28 11:16:27.489 | ERROR | Page mismatch. Record number: 142038. Pages according to index: [20, 21]. Pages found in tagged file: [22, 23].
2023-02-28 11:16:27.490 | ERROR | Page mismatch. Record number: 142040. Pages according to index: [22, 23]. Pages found in tagged file: [24, 25].
2023-02-28 11:16:27.491 | ERROR | Page mismatch. Record number: 142041. Pages according to index: [23, 24]. Pages found in tagged file: [25, 26].
2023-02-28 11:16:27.491 | ERROR | Page mismatch. Record number: 142042. Pages according to index: [26, 27, 28]. Pages found in tagged file: [28, 29, 30].
2023-02-28 11:16:27.492 | ERROR | Page mismatch. Record number: 142043. Pages according to index: [29, 30]. Pages found in tagged file: [31, 32].
2023-02-28 11:16:27.493 | ERROR | Page mismatch. Record number: 142044. Pages according to index: [32, 33, 34]. Pages found in tagged file: [34, 35, 36].
2023-02-28 11:16:27.494 | ERROR | Page mismatch. Record number: 142045. Pages according to index: [34]. Pages found in tagged file: [36].
2023-02-28 11:16:27.494 | ERROR | Page mismatch. Record number: 142046. Pages according to index: [35]. Pages found in tagged file: [37].
2023-02-28 11:16:27.495 | ERROR | Page mismatch. Record number: 142048. Pages according to index: [36]. Pages found in tagged file: [38].
2023-02-28 11:16:27.496 | ERROR | Page mismatch. Record number: 142050. Pages according to index: [38, 39, 40]. Pages found in tagged file: [40, 41, 42].
2023-02-28 11:16:27.496 | ERROR | Page mismatch. Record number: 142051. Pages according to index: [40, 41]. Pages found in tagged file: [42, 43].
2023-02-28 11:16:27.496 | ERROR | Page mismatch. Record number: 142052. Pages according to index: [42]. Pages found in tagged file: [44].
2023-02-28 11:16:27.497 | ERROR | Page mismatch. Record number: 142053. Pages according to index: [43, 44]. Pages found in tagged file: [45, 46].
2023-02-28 11:16:27.497 | ERROR | Page mismatch. Record number: 142054. Pages according to index: [46, 47]. Pages found in tagged file: [48, 49].
2023-02-28 11:16:27.498 | ERROR | Page mismatch. Record number: 142055. Pages according to index: [48, 49]. Pages found in tagged file: [50, 51].
2023-02-28 11:16:27.498 | ERROR | Page mismatch. Record number: 142058. Pages according to index: [49, 50]. Pages found in tagged file: [51, 52].
2023-02-28 11:16:27.499 | ERROR | Page mismatch. Record number: 142060. Pages according to index: [52, 53]. Pages found in tagged file: [54, 55].
2023-02-28 11:16:27.499 | ERROR | Page mismatch. Record number: 142061. Pages according to index: [54, 55, 56]. Pages found in tagged file: [56, 57, 58].
2023-02-28 11:16:27.500 | ERROR | Page mismatch. Record number: 142062. Pages according to index: [56, 57]. Pages found in tagged file: [58, 59].
2023-02-28 11:16:27.500 | ERROR | Page mismatch. Record number: 142063. Pages according to index: [57, 58]. Pages found in tagged file: [59, 60].
2023-02-28 11:16:27.500 | ERROR | Page mismatch. Record number: 142065. Pages according to index: [60, 61, 62]. Pages found in tagged file: [62, 63, 64].
2023-02-28 11:16:27.501 | ERROR | Page mismatch. Record number: 142066. Pages according to index: [63, 64]. Pages found in tagged file: [65, 66].
2023-02-28 11:16:27.501 | ERROR | Page mismatch. Record number: 142067. Pages according to index: [66, 67]. Pages found in tagged file: [68, 69].
2023-02-28 11:16:27.502 | ERROR | Page mismatch. Record number: 142068. Pages according to index: [68, 69]. Pages found in tagged file: [70, 71].
2023-02-28 11:16:27.502 | ERROR | Page mismatch. Record number: 142069. Pages according to index: [69, 70]. Pages found in tagged file: [71, 72].
2023-02-28 11:16:27.503 | ERROR | Page mismatch. Record number: 142071. Pages according to index: [70, 71]. Pages found in tagged file: [72, 73].
2023-02-28 11:16:27.547 | ERROR | Page mismatch. Record number: 191749. Pages according to index: [4, 5]. Pages found in tagged file: [4, 5, 6].
2023-02-28 11:16:27.665 | ERROR | Page mismatch. Record number: 162770. Pages according to index: [9, 10, 11]. Pages found in tagged file: [10, 11, 16].
2023-02-28 11:16:27.667 | ERROR | Page mismatch. Record number: 162779. Pages according to index: [29, 30, 31]. Pages found in tagged file: [29, 30, 38].
2023-02-28 11:16:27.667 | ERROR | Page mismatch. Record number: 162781. Pages according to index: [36, 37, 38, 39]. Pages found in tagged file: [35, 36, 37, 38].
2023-02-28 11:16:27.668 | ERROR | Page mismatch. Record number: 162785. Pages according to index: [51, 52]. Pages found in tagged file: [49, 50].
2023-02-28 11:16:27.695 | ERROR | Page mismatch. Record number: 183353. Pages according to index: [9, 10]. Pages found in tagged file: [9, 10, 12].
2023-02-28 11:16:27.717 | ERROR | Page mismatch. Record number: 189839. Pages according to index: [36, 37]. Pages found in tagged file: [38].
2023-02-28 11:16:27.861 | ERROR | Page mismatch. Record number: 214598. Pages according to index: [15]. Pages found in tagged file: [15, 16, 17].
